

Started GET "/" for ::1 at 2014-12-25 02:32:13 +0800
  [1m[36mActiveRecord::SchemaMigration Load (0.4ms)[0m  [1mSELECT "schema_migrations".* FROM "schema_migrations"[0m
Processing by StaticPagesController#home as HTML
Completed 500 Internal Server Error in 28ms

NoMethodError (undefined method `country' for nil:NilClass):
  app/controllers/static_pages_controller.rb:21:in `get_country'
  app/controllers/static_pages_controller.rb:5:in `home'


  Rendered /Users/david/.rbenv/versions/2.1.3/lib/ruby/gems/2.1.0/gems/web-console-2.0.0.beta3/lib/action_dispatch/templates/rescues/_source.erb (7.9ms)
  Rendered /Users/david/.rbenv/versions/2.1.3/lib/ruby/gems/2.1.0/gems/web-console-2.0.0.beta3/lib/action_dispatch/templates/rescues/_trace.html.erb (2.7ms)
  Rendered /Users/david/.rbenv/versions/2.1.3/lib/ruby/gems/2.1.0/gems/web-console-2.0.0.beta3/lib/action_dispatch/templates/rescues/_request_and_response.html.erb (1.0ms)
  Rendered /Users/david/.rbenv/versions/2.1.3/lib/ruby/gems/2.1.0/gems/web-console-2.0.0.beta3/lib/action_dispatch/templates/rescues/_web_console.html.erb (0.9ms)
  Rendered /Users/david/.rbenv/versions/2.1.3/lib/ruby/gems/2.1.0/gems/web-console-2.0.0.beta3/lib/action_dispatch/templates/rescues/diagnostics.html.erb within rescues/layout (39.8ms)


Started GET "/" for ::1 at 2014-12-25 02:33:21 +0800
Processing by StaticPagesController#home as HTML
  Rendered static_pages/home.html.erb within layouts/application (65.3ms)
  Rendered layouts/_shim.html.erb (0.7ms)
  Rendered layouts/_header.html.erb (2.7ms)
  Rendered layouts/_footer.html.erb (0.6ms)
Completed 200 OK in 714ms (Views: 656.6ms | ActiveRecord: 0.0ms)


Started GET "/assets/account_activations.css?body=1" for ::1 at 2014-12-25 02:33:22 +0800


Started GET "/assets/custom.css?body=1" for ::1 at 2014-12-25 02:33:22 +0800


Started GET "/assets/microposts.css?body=1" for ::1 at 2014-12-25 02:33:22 +0800


Started GET "/assets/password_resets.css?body=1" for ::1 at 2014-12-25 02:33:22 +0800


Started GET "/assets/relationships.css?body=1" for ::1 at 2014-12-25 02:33:22 +0800


Started GET "/assets/static_pages.css?body=1" for ::1 at 2014-12-25 02:33:22 +0800


Started GET "/assets/sessions.css?body=1" for ::1 at 2014-12-25 02:33:22 +0800


Started GET "/assets/users.css?body=1" for ::1 at 2014-12-25 02:33:22 +0800


Started GET "/assets/application.css?body=1" for ::1 at 2014-12-25 02:33:22 +0800


Started GET "/assets/jquery.js?body=1" for ::1 at 2014-12-25 02:33:22 +0800


Started GET "/assets/jquery_ujs.js?body=1" for ::1 at 2014-12-25 02:33:22 +0800


Started GET "/assets/turbolinks.js?body=1" for ::1 at 2014-12-25 02:33:22 +0800


Started GET "/assets/bootstrap.js?body=1" for ::1 at 2014-12-25 02:33:22 +0800


Started GET "/assets/account_activations.js?body=1" for ::1 at 2014-12-25 02:33:22 +0800


Started GET "/assets/microposts.js?body=1" for ::1 at 2014-12-25 02:33:22 +0800


Started GET "/assets/password_resets.js?body=1" for ::1 at 2014-12-25 02:33:22 +0800


Started GET "/assets/relationships.js?body=1" for ::1 at 2014-12-25 02:33:22 +0800


Started GET "/assets/sessions.js?body=1" for ::1 at 2014-12-25 02:33:23 +0800


Started GET "/assets/static_pages.js?body=1" for ::1 at 2014-12-25 02:33:23 +0800


Started GET "/assets/users.js?body=1" for ::1 at 2014-12-25 02:33:23 +0800


Started GET "/assets/application.js?body=1" for ::1 at 2014-12-25 02:33:23 +0800


Started GET "/assets/rails.png" for ::1 at 2014-12-25 02:33:23 +0800


Started GET "/" for ::1 at 2014-12-25 02:34:13 +0800
Processing by StaticPagesController#home as HTML
  Rendered static_pages/home.html.erb within layouts/application (1.4ms)
  Rendered layouts/_shim.html.erb (0.1ms)
  Rendered layouts/_header.html.erb (1.8ms)
  Rendered layouts/_footer.html.erb (0.2ms)
Completed 200 OK in 291ms (Views: 255.8ms | ActiveRecord: 0.0ms)


Started GET "/assets/account_activations.css?body=1" for ::1 at 2014-12-25 02:34:14 +0800


Started GET "/assets/password_resets.css?body=1" for ::1 at 2014-12-25 02:34:14 +0800


Started GET "/assets/microposts.css?body=1" for ::1 at 2014-12-25 02:34:14 +0800


Started GET "/assets/custom.css?body=1" for ::1 at 2014-12-25 02:34:14 +0800


Started GET "/assets/relationships.css?body=1" for ::1 at 2014-12-25 02:34:14 +0800


Started GET "/assets/sessions.css?body=1" for ::1 at 2014-12-25 02:34:14 +0800


Started GET "/assets/static_pages.css?body=1" for ::1 at 2014-12-25 02:34:14 +0800


Started GET "/assets/users.css?body=1" for ::1 at 2014-12-25 02:34:14 +0800


Started GET "/assets/application.css?body=1" for ::1 at 2014-12-25 02:34:14 +0800


Started GET "/assets/jquery_ujs.js?body=1" for ::1 at 2014-12-25 02:34:14 +0800


Started GET "/assets/jquery.js?body=1" for ::1 at 2014-12-25 02:34:14 +0800


Started GET "/assets/bootstrap.js?body=1" for ::1 at 2014-12-25 02:34:14 +0800


Started GET "/assets/turbolinks.js?body=1" for ::1 at 2014-12-25 02:34:14 +0800


Started GET "/assets/account_activations.js?body=1" for ::1 at 2014-12-25 02:34:14 +0800


Started GET "/assets/microposts.js?body=1" for ::1 at 2014-12-25 02:34:14 +0800


Started GET "/assets/password_resets.js?body=1" for ::1 at 2014-12-25 02:34:14 +0800


Started GET "/assets/relationships.js?body=1" for ::1 at 2014-12-25 02:34:14 +0800


Started GET "/assets/sessions.js?body=1" for ::1 at 2014-12-25 02:34:14 +0800


Started GET "/assets/users.js?body=1" for ::1 at 2014-12-25 02:34:14 +0800


Started GET "/assets/static_pages.js?body=1" for ::1 at 2014-12-25 02:34:14 +0800


Started GET "/assets/application.js?body=1" for ::1 at 2014-12-25 02:34:14 +0800


Started GET "/assets/rails.png" for ::1 at 2014-12-25 02:34:14 +0800


Started GET "/" for ::1 at 2014-12-25 02:35:07 +0800
Processing by StaticPagesController#home as HTML
  Rendered static_pages/home.html.erb within layouts/application (1.6ms)
  Rendered layouts/_shim.html.erb (0.1ms)
  Rendered layouts/_header.html.erb (1.4ms)
  Rendered layouts/_footer.html.erb (0.2ms)
Completed 200 OK in 248ms (Views: 229.5ms | ActiveRecord: 0.0ms)


Started GET "/assets/account_activations.css?body=1" for ::1 at 2014-12-25 02:35:08 +0800


Started GET "/assets/microposts.css?body=1" for ::1 at 2014-12-25 02:35:08 +0800


Started GET "/assets/password_resets.css?body=1" for ::1 at 2014-12-25 02:35:08 +0800


Started GET "/assets/sessions.css?body=1" for ::1 at 2014-12-25 02:35:08 +0800


Started GET "/assets/custom.css?body=1" for ::1 at 2014-12-25 02:35:08 +0800


Started GET "/assets/relationships.css?body=1" for ::1 at 2014-12-25 02:35:08 +0800


Started GET "/assets/static_pages.css?body=1" for ::1 at 2014-12-25 02:35:08 +0800


Started GET "/assets/application.css?body=1" for ::1 at 2014-12-25 02:35:08 +0800


Started GET "/assets/users.css?body=1" for ::1 at 2014-12-25 02:35:08 +0800


Started GET "/assets/jquery.js?body=1" for ::1 at 2014-12-25 02:35:08 +0800


Started GET "/assets/bootstrap.js?body=1" for ::1 at 2014-12-25 02:35:08 +0800


Started GET "/assets/turbolinks.js?body=1" for ::1 at 2014-12-25 02:35:08 +0800


Started GET "/assets/account_activations.js?body=1" for ::1 at 2014-12-25 02:35:08 +0800


Started GET "/assets/jquery_ujs.js?body=1" for ::1 at 2014-12-25 02:35:08 +0800


Started GET "/assets/microposts.js?body=1" for ::1 at 2014-12-25 02:35:08 +0800


Started GET "/assets/password_resets.js?body=1" for ::1 at 2014-12-25 02:35:08 +0800


Started GET "/assets/relationships.js?body=1" for ::1 at 2014-12-25 02:35:08 +0800


Started GET "/assets/sessions.js?body=1" for ::1 at 2014-12-25 02:35:08 +0800


Started GET "/assets/static_pages.js?body=1" for ::1 at 2014-12-25 02:35:08 +0800


Started GET "/assets/application.js?body=1" for ::1 at 2014-12-25 02:35:08 +0800


Started GET "/assets/users.js?body=1" for ::1 at 2014-12-25 02:35:08 +0800


Started GET "/assets/rails.png" for ::1 at 2014-12-25 02:35:08 +0800


Started GET "/" for ::1 at 2014-12-25 02:35:45 +0800
Processing by StaticPagesController#home as HTML
  Rendered static_pages/home.html.erb within layouts/application (1.1ms)
  Rendered layouts/_shim.html.erb (0.1ms)
  Rendered layouts/_header.html.erb (1.2ms)
  Rendered layouts/_footer.html.erb (0.1ms)
Completed 200 OK in 254ms (Views: 215.0ms | ActiveRecord: 0.0ms)


Started GET "/assets/account_activations.css?body=1" for ::1 at 2014-12-25 02:35:45 +0800


Started GET "/assets/custom.css?body=1" for ::1 at 2014-12-25 02:35:45 +0800


Started GET "/assets/microposts.css?body=1" for ::1 at 2014-12-25 02:35:45 +0800


Started GET "/assets/static_pages.css?body=1" for ::1 at 2014-12-25 02:35:45 +0800


Started GET "/assets/password_resets.css?body=1" for ::1 at 2014-12-25 02:35:45 +0800


Started GET "/assets/relationships.css?body=1" for ::1 at 2014-12-25 02:35:45 +0800


Started GET "/assets/sessions.css?body=1" for ::1 at 2014-12-25 02:35:45 +0800


Started GET "/assets/users.css?body=1" for ::1 at 2014-12-25 02:35:45 +0800


Started GET "/assets/application.css?body=1" for ::1 at 2014-12-25 02:35:45 +0800


Started GET "/assets/jquery.js?body=1" for ::1 at 2014-12-25 02:35:45 +0800


Started GET "/assets/jquery_ujs.js?body=1" for ::1 at 2014-12-25 02:35:45 +0800


Started GET "/assets/bootstrap.js?body=1" for ::1 at 2014-12-25 02:35:45 +0800


Started GET "/assets/turbolinks.js?body=1" for ::1 at 2014-12-25 02:35:45 +0800


Started GET "/assets/account_activations.js?body=1" for ::1 at 2014-12-25 02:35:45 +0800


Started GET "/assets/relationships.js?body=1" for ::1 at 2014-12-25 02:35:45 +0800


Started GET "/assets/password_resets.js?body=1" for ::1 at 2014-12-25 02:35:45 +0800


Started GET "/assets/sessions.js?body=1" for ::1 at 2014-12-25 02:35:45 +0800


Started GET "/assets/microposts.js?body=1" for ::1 at 2014-12-25 02:35:45 +0800


Started GET "/assets/static_pages.js?body=1" for ::1 at 2014-12-25 02:35:45 +0800


Started GET "/assets/users.js?body=1" for ::1 at 2014-12-25 02:35:45 +0800


Started GET "/assets/application.js?body=1" for ::1 at 2014-12-25 02:35:45 +0800


Started GET "/assets/rails.png" for ::1 at 2014-12-25 02:35:45 +0800


Started GET "/" for ::1 at 2014-12-25 02:35:56 +0800
Processing by StaticPagesController#home as HTML
  Rendered static_pages/home.html.erb within layouts/application (1.6ms)
  Rendered layouts/_shim.html.erb (0.1ms)
  Rendered layouts/_header.html.erb (1.3ms)
  Rendered layouts/_footer.html.erb (0.2ms)
Completed 200 OK in 214ms (Views: 212.7ms | ActiveRecord: 0.0ms)


Started GET "/assets/account_activations.css?body=1" for ::1 at 2014-12-25 02:35:56 +0800


Started GET "/assets/microposts.css?body=1" for ::1 at 2014-12-25 02:35:56 +0800


Started GET "/assets/password_resets.css?body=1" for ::1 at 2014-12-25 02:35:56 +0800


Started GET "/assets/sessions.css?body=1" for ::1 at 2014-12-25 02:35:56 +0800


Started GET "/assets/relationships.css?body=1" for ::1 at 2014-12-25 02:35:56 +0800


Started GET "/assets/custom.css?body=1" for ::1 at 2014-12-25 02:35:56 +0800


Started GET "/assets/static_pages.css?body=1" for ::1 at 2014-12-25 02:35:56 +0800


Started GET "/assets/users.css?body=1" for ::1 at 2014-12-25 02:35:56 +0800


Started GET "/assets/application.css?body=1" for ::1 at 2014-12-25 02:35:56 +0800


Started GET "/assets/jquery.js?body=1" for ::1 at 2014-12-25 02:35:56 +0800


Started GET "/assets/jquery_ujs.js?body=1" for ::1 at 2014-12-25 02:35:56 +0800


Started GET "/assets/bootstrap.js?body=1" for ::1 at 2014-12-25 02:35:56 +0800


Started GET "/assets/turbolinks.js?body=1" for ::1 at 2014-12-25 02:35:56 +0800


Started GET "/assets/account_activations.js?body=1" for ::1 at 2014-12-25 02:35:56 +0800


Started GET "/assets/password_resets.js?body=1" for ::1 at 2014-12-25 02:35:56 +0800


Started GET "/assets/sessions.js?body=1" for ::1 at 2014-12-25 02:35:56 +0800


Started GET "/assets/relationships.js?body=1" for ::1 at 2014-12-25 02:35:56 +0800


Started GET "/assets/microposts.js?body=1" for ::1 at 2014-12-25 02:35:56 +0800


Started GET "/assets/static_pages.js?body=1" for ::1 at 2014-12-25 02:35:56 +0800


Started GET "/assets/users.js?body=1" for ::1 at 2014-12-25 02:35:56 +0800


Started GET "/assets/application.js?body=1" for ::1 at 2014-12-25 02:35:56 +0800


Started GET "/assets/rails.png" for ::1 at 2014-12-25 02:35:56 +0800


Started GET "/" for ::1 at 2014-12-25 02:36:12 +0800
Processing by StaticPagesController#home as HTML
  Rendered static_pages/home.html.erb within layouts/application (1.6ms)
  Rendered layouts/_shim.html.erb (0.0ms)
  Rendered layouts/_header.html.erb (1.0ms)
  Rendered layouts/_footer.html.erb (0.1ms)
Completed 200 OK in 217ms (Views: 215.9ms | ActiveRecord: 0.0ms)


Started GET "/assets/account_activations.css?body=1" for ::1 at 2014-12-25 02:36:12 +0800


Started GET "/assets/microposts.css?body=1" for ::1 at 2014-12-25 02:36:12 +0800


Started GET "/assets/relationships.css?body=1" for ::1 at 2014-12-25 02:36:12 +0800


Started GET "/assets/password_resets.css?body=1" for ::1 at 2014-12-25 02:36:12 +0800


Started GET "/assets/custom.css?body=1" for ::1 at 2014-12-25 02:36:12 +0800


Started GET "/assets/sessions.css?body=1" for ::1 at 2014-12-25 02:36:12 +0800


Started GET "/assets/static_pages.css?body=1" for ::1 at 2014-12-25 02:36:12 +0800


Started GET "/assets/users.css?body=1" for ::1 at 2014-12-25 02:36:12 +0800


Started GET "/assets/application.css?body=1" for ::1 at 2014-12-25 02:36:12 +0800


Started GET "/assets/jquery.js?body=1" for ::1 at 2014-12-25 02:36:12 +0800


Started GET "/assets/turbolinks.js?body=1" for ::1 at 2014-12-25 02:36:12 +0800


Started GET "/assets/bootstrap.js?body=1" for ::1 at 2014-12-25 02:36:12 +0800


Started GET "/assets/jquery_ujs.js?body=1" for ::1 at 2014-12-25 02:36:12 +0800


Started GET "/assets/account_activations.js?body=1" for ::1 at 2014-12-25 02:36:12 +0800


Started GET "/assets/microposts.js?body=1" for ::1 at 2014-12-25 02:36:12 +0800


Started GET "/assets/relationships.js?body=1" for ::1 at 2014-12-25 02:36:12 +0800


Started GET "/assets/password_resets.js?body=1" for ::1 at 2014-12-25 02:36:12 +0800


Started GET "/assets/sessions.js?body=1" for ::1 at 2014-12-25 02:36:12 +0800


Started GET "/assets/static_pages.js?body=1" for ::1 at 2014-12-25 02:36:12 +0800


Started GET "/assets/users.js?body=1" for ::1 at 2014-12-25 02:36:12 +0800


Started GET "/assets/application.js?body=1" for ::1 at 2014-12-25 02:36:12 +0800


Started GET "/assets/rails.png" for ::1 at 2014-12-25 02:36:12 +0800
